<?xml version='1.0' encoding='UTF-8'?>
<testsuite hostname="joao-Inspiron-13-5378" name="funsets.FunSetSuite" tests="9" errors="0" failures="1" skipped="0" time="0.207" timestamp="2020-05-29T02:26:41">
                     <properties>
[...]
</properties>
                     <testcase classname="funsets.FunSetSuite" name="Retuns wheter any members of a set satisfeis function" time="0.147">
                                                 
                                               </testcase><testcase classname="funsets.FunSetSuite" name="filter returns set filtered by function" time="0.004">
                                                 
                                               </testcase><testcase classname="funsets.FunSetSuite" name="diff contains only no-repeated values " time="0.004">
                                                 
                                               </testcase><testcase classname="funsets.FunSetSuite" name="singleton set one contains one" time="0.002">
                                                 
                                               </testcase><testcase classname="funsets.FunSetSuite" name="intersect contains only repeated values " time="0.009">
                                                 
                                               </testcase><testcase classname="funsets.FunSetSuite" name="union contains all elements of each set" time="0.003">
                                                 
                                               </testcase><testcase classname="funsets.FunSetSuite" name="Retuns wheter all members of a set satisfeis function" time="0.005">
                                                 
                                               </testcase><testcase classname="funsets.FunSetSuite" name="contains is implemented" time="0.002">
                                                 
                                               </testcase><testcase classname="funsets.FunSetSuite" name="map returns a new set based on the given function" time="0.031">
                                                 <failure message="java.lang.AssertionError: assertion failed: The set s was modified to be equal to t" type="sbt.ForkMain$ForkError">sbt.ForkMain$ForkError: java.lang.AssertionError: assertion failed: The set s was modified to be equal to t
	at scala.Predef$.assert(Predef.scala:282)
	at funsets.FunSetSuite$$anon$8.&lt;init&gt;(FunSetSuite.scala:134)
	at funsets.FunSetSuite.map$u0020returns$u0020a$u0020new$u0020set$u0020based$u0020on$u0020the$u0020given$u0020function(FunSetSuite.scala:130)
	at sun.reflect.NativeMethodAccessorImpl.invoke0(Native Method)
	at sun.reflect.NativeMethodAccessorImpl.invoke(NativeMethodAccessorImpl.java:62)
	at sun.reflect.DelegatingMethodAccessorImpl.invoke(DelegatingMethodAccessorImpl.java:43)
	at java.lang.reflect.Method.invoke(Method.java:498)
	at org.junit.runners.model.FrameworkMethod$1.runReflectiveCall(FrameworkMethod.java:47)
	at org.junit.internal.runners.model.ReflectiveCallable.run(ReflectiveCallable.java:12)
	at org.junit.runners.model.FrameworkMethod.invokeExplosively(FrameworkMethod.java:44)
	at org.junit.internal.runners.statements.InvokeMethod.evaluate(InvokeMethod.java:17)
	at org.junit.internal.runners.statements.FailOnTimeout$StatementThread.run(FailOnTimeout.java:74)
</failure>
                                               </testcase>
                     <system-out><![CDATA[]]></system-out>
                     <system-err><![CDATA[]]></system-err>
                   </testsuite>